<?xml version="1.0" encoding="UTF-8"?>
<!-- Generated by org.testng.reporters.JUnitReportReporter -->
<testsuite skipped="1" hostname="DESKTOP-353OLDC" name="leaf.leads.DeleteLead" tests="2" failures="0" timestamp="30 Jun 2018 06:05:25 GMT" time="0.000" errors="1">
  <testcase name="beforeMethod" time="0.000" classname="leaf.leads.DeleteLead">
    <error type="org.testng.TestNGException" message="
Parameter &#039;URL&#039; is required by BeforeMethod on method beforeMethod but has not been marked @Optional or defined
in C:\Users\Dell\Desktop\Makaia\Par.xml">
      <![CDATA[org.testng.TestNGException: 
Parameter 'URL' is required by BeforeMethod on method beforeMethod but has not been marked @Optional or defined
in C:\Users\Dell\Desktop\Makaia\Par.xml
at org.testng.internal.Parameters.createParams(Parameters.java:290)
at org.testng.internal.Parameters.createParametersForMethod(Parameters.java:359)
at org.testng.internal.Parameters.createParameters(Parameters.java:620)
at org.testng.internal.Parameters.createConfigurationParameters(Parameters.java:190)
at org.testng.internal.Invoker.invokeConfigurations(Invoker.java:209)
at org.testng.internal.Invoker.invokeMethod(Invoker.java:520)
at org.testng.internal.Invoker.invokeTestMethod(Invoker.java:716)
at org.testng.internal.Invoker.invokeTestMethods(Invoker.java:988)
at org.testng.internal.TestMethodWorker.invokeTestMethods(TestMethodWorker.java:125)
at org.testng.internal.TestMethodWorker.run(TestMethodWorker.java:109)
at java.util.concurrent.ThreadPoolExecutor.runWorker(ThreadPoolExecutor.java:1149)
at java.util.concurrent.ThreadPoolExecutor$Worker.run(ThreadPoolExecutor.java:624)
at java.lang.Thread.run(Thread.java:748)
]]>
    </error>
  </testcase> <!-- beforeMethod -->
  <testcase name="deleteLead" time="0.000" classname="leaf.leads.DeleteLead">
    <skipped/>
  </testcase> <!-- deleteLead -->
</testsuite> <!-- leaf.leads.DeleteLead -->
