<?xml version="1.0" encoding="UTF-8"?>
<!-- Generated by org.testng.reporters.JUnitReportReporter -->
<testsuite skipped="3" hostname="DESKTOP-U822VNM" name="leaf.contacts.CreateContact" tests="4" failures="0" timestamp="25 Jun 2018 12:31:38 GMT" time="0.000" errors="1">
  <testcase name="beforeMethod" time="0.000" classname="leaf.contacts.CreateContact">
    <error type="org.testng.TestNGException" message="
Parameter &#039;URL&#039; is required by BeforeMethod on method beforeMethod but has not been marked @Optional or defined
in C:\Users\GopinathJayakumar\Desktop\Gopi\Makaia\Makaia\testng.xml">
      <![CDATA[org.testng.TestNGException: 
Parameter 'URL' is required by BeforeMethod on method beforeMethod but has not been marked @Optional or defined
in C:\Users\GopinathJayakumar\Desktop\Gopi\Makaia\Makaia\testng.xml
at org.testng.internal.Parameters.createParams(Parameters.java:290)
at org.testng.internal.Parameters.createParametersForMethod(Parameters.java:359)
at org.testng.internal.Parameters.createParameters(Parameters.java:620)
at org.testng.internal.Parameters.createConfigurationParameters(Parameters.java:190)
at org.testng.internal.Invoker.invokeConfigurations(Invoker.java:209)
at org.testng.internal.Invoker.invokeMethod(Invoker.java:523)
at org.testng.internal.Invoker.invokeTestMethod(Invoker.java:719)
at org.testng.internal.Invoker.invokeTestMethods(Invoker.java:989)
at org.testng.internal.TestMethodWorker.invokeTestMethods(TestMethodWorker.java:125)
at org.testng.internal.TestMethodWorker.run(TestMethodWorker.java:109)
at org.testng.TestRunner.privateRun(TestRunner.java:648)
at org.testng.TestRunner.run(TestRunner.java:505)
at org.testng.SuiteRunner.runTest(SuiteRunner.java:455)
at org.testng.SuiteRunner.access$000(SuiteRunner.java:40)
at org.testng.SuiteRunner$SuiteWorker.run(SuiteRunner.java:489)
at org.testng.internal.thread.ThreadUtil$1.call(ThreadUtil.java:52)
at java.util.concurrent.FutureTask.run(Unknown Source)
at java.util.concurrent.ThreadPoolExecutor.runWorker(Unknown Source)
at java.util.concurrent.ThreadPoolExecutor$Worker.run(Unknown Source)
at java.lang.Thread.run(Unknown Source)
]]>
    </error>
  </testcase> <!-- beforeMethod -->
  <testcase name="createContact" time="0.000" classname="leaf.contacts.CreateContact">
    <skipped/>
  </testcase> <!-- createContact -->
  <testcase name="createContact" time="0.000" classname="leaf.contacts.CreateContact">
    <skipped/>
  </testcase> <!-- createContact -->
  <testcase name="createContact" time="0.000" classname="leaf.contacts.CreateContact">
    <skipped/>
  </testcase> <!-- createContact -->
</testsuite> <!-- leaf.contacts.CreateContact -->
