<?xml version="1.0" encoding="UTF-8"?>
<!-- Generated by org.testng.reporters.JUnitReportReporter -->
<testsuite skipped="1" hostname="DESKTOP-U822VNM" name="testcases.TC001_LoginForFailure" tests="1" failures="0" timestamp="27 Jun 2018 06:39:44 GMT" time="0.000" errors="0">
  <testcase name="createLeaf" time="0.000" classname="testcases.TC001_LoginForFailure">
    <skipped/>
  </testcase> <!-- createLeaf -->
</testsuite> <!-- testcases.TC001_LoginForFailure -->
