<?xml version="1.0" encoding="UTF-8"?>
<!-- Generated by org.testng.reporters.JUnitReportReporter -->
<testsuite skipped="0" hostname="DESKTOP-353OLDC" name="leaf.leads.CreateLead" tests="1" failures="0" timestamp="30 Jun 2018 06:10:40 GMT" time="22.701" errors="0">
  <testcase name="createLead" time="22.701" classname="leaf.leads.CreateLead"/>
</testsuite> <!-- leaf.leads.CreateLead -->
