<?xml version="1.0" encoding="UTF-8"?>
<!-- Generated by org.testng.reporters.JUnitReportReporter -->
<testsuite skipped="0" hostname="welcome-PC" name="tests.rest.TC001_CreateIncident" tests="10" failures="0" timestamp="03 Mar 2019 11:06:17 GMT" time="39.895" errors="0">
  <testcase name="createIncident" time="3.822" classname="tests.rest.TC001_CreateIncident"/>
  <testcase name="createIncident" time="3.876" classname="tests.rest.TC001_CreateIncident"/>
  <testcase name="createIncident" time="3.790" classname="tests.rest.TC001_CreateIncident"/>
  <testcase name="createIncident" time="3.803" classname="tests.rest.TC001_CreateIncident"/>
  <testcase name="createIncident" time="3.677" classname="tests.rest.TC001_CreateIncident"/>
  <testcase name="createIncident" time="3.628" classname="tests.rest.TC001_CreateIncident"/>
  <testcase name="createIncident" time="3.679" classname="tests.rest.TC001_CreateIncident"/>
  <testcase name="createIncident" time="5.767" classname="tests.rest.TC001_CreateIncident"/>
  <testcase name="createIncident" time="3.816" classname="tests.rest.TC001_CreateIncident"/>
  <testcase name="createIncident" time="4.037" classname="tests.rest.TC001_CreateIncident"/>
</testsuite> <!-- tests.rest.TC001_CreateIncident -->
