<?xml version="1.0" encoding="UTF-8"?>
<!-- Generated by org.testng.reporters.JUnitReportReporter -->
<testsuite skipped="0" hostname="DESKTOP-353OLDC" name="testcases.TC002_LoginForFailure" tests="4" failures="0" timestamp="27 Jun 2018 11:55:39 GMT" time="25.435" errors="1">
  <testcase name="createLeaf" time="6.513" classname="testcases.TC002_LoginForFailure"/>
  <testcase name="createLeaf" time="7.612" classname="testcases.TC002_LoginForFailure"/>
  <testcase name="createLeaf" time="6.316" classname="testcases.TC002_LoginForFailure"/>
  <testcase name="createLeaf" time="4.994" classname="testcases.TC002_LoginForFailure">
    <error type="java.lang.NullPointerException">
      <![CDATA[java.lang.NullPointerException
at com.aventstack.extentreports.ExtentTest.log(ExtentTest.java:303)
at com.aventstack.extentreports.ExtentTest.pass(ExtentTest.java:524)
at lib.utils.HTMLReporter.reportStep(HTMLReporter.java:63)
at lib.utils.HTMLReporter.reportStep(HTMLReporter.java:75)
at lib.selenium.WebDriverServiceImpl.type(WebDriverServiceImpl.java:68)
at pages.LoginPage.typeUserName(LoginPage.java:38)
at testcases.TC002_LoginForFailure.createLeaf(TC002_LoginForFailure.java:26)
at sun.reflect.NativeMethodAccessorImpl.invoke0(Native Method)
at sun.reflect.NativeMethodAccessorImpl.invoke(NativeMethodAccessorImpl.java:62)
at sun.reflect.DelegatingMethodAccessorImpl.invoke(DelegatingMethodAccessorImpl.java:43)
at java.lang.reflect.Method.invoke(Method.java:498)
at org.testng.internal.MethodInvocationHelper.invokeMethod(MethodInvocationHelper.java:124)
at org.testng.internal.Invoker.invokeMethod(Invoker.java:580)
at org.testng.internal.Invoker.invokeTestMethod(Invoker.java:716)
at org.testng.internal.Invoker.invokeTestMethods(Invoker.java:988)
at org.testng.internal.TestMethodWorker.invokeTestMethods(TestMethodWorker.java:125)
at org.testng.internal.TestMethodWorker.run(TestMethodWorker.java:109)
at java.util.concurrent.ThreadPoolExecutor.runWorker(ThreadPoolExecutor.java:1149)
at java.util.concurrent.ThreadPoolExecutor$Worker.run(ThreadPoolExecutor.java:624)
at java.lang.Thread.run(Thread.java:748)
]]>
    </error>
  </testcase> <!-- createLeaf -->
</testsuite> <!-- testcases.TC002_LoginForFailure -->
