<?xml version="1.0" encoding="UTF-8"?>
<!-- Generated by org.testng.reporters.JUnitReportReporter -->
<testsuite skipped="0" hostname="DESKTOP-353OLDC" name="tests.selenium.TC001_CreateIncidentUsingRestAndVerifyUsingSelenium" tests="1" failures="0" timestamp="01 Sep 2018 11:47:09 GMT" time="35.122" errors="0">
  <testcase name="createIncident" time="35.122" classname="tests.selenium.TC001_CreateIncidentUsingRestAndVerifyUsingSelenium"/>
</testsuite> <!-- tests.selenium.TC001_CreateIncidentUsingRestAndVerifyUsingSelenium -->
