<?xml version="1.0" encoding="UTF-8"?>
<!-- Generated by org.testng.reporters.JUnitReportReporter -->
<testsuite skipped="0" hostname="DESKTOP-353OLDC" name="testcases.TC001_LoginLogOut" tests="1" failures="0" timestamp="05 Jul 2018 07:34:38 GMT" time="7.318" errors="0">
  <testcase name="createLeaf" time="7.318" classname="testcases.TC001_LoginLogOut"/>
</testsuite> <!-- testcases.TC001_LoginLogOut -->
