<?xml version="1.0" encoding="UTF-8"?>
<!-- Generated by org.testng.reporters.JUnitReportReporter -->
<testsuite skipped="0" hostname="DESKTOP-353OLDC" name="leaf.leads.EditLead" tests="1" failures="0" timestamp="30 Jun 2018 06:10:40 GMT" time="31.172" errors="0">
  <testcase name="editLead" time="31.172" classname="leaf.leads.EditLead"/>
</testsuite> <!-- leaf.leads.EditLead -->
