<?xml version="1.0" encoding="UTF-8"?>
<!-- Generated by org.testng.reporters.JUnitReportReporter -->
<testsuite skipped="0" hostname="welcome-PC" name="tests.rest.TC002_DeleteFirstIncident" tests="1" failures="0" timestamp="03 Mar 2019 11:27:56 GMT" time="13.527" errors="0">
  <testcase name="createIncident" time="13.527" classname="tests.rest.TC002_DeleteFirstIncident"/>
</testsuite> <!-- tests.rest.TC002_DeleteFirstIncident -->
