<?xml version="1.0" encoding="UTF-8"?>
<!-- Generated by org.testng.reporters.JUnitReportReporter -->
<testsuite skipped="0" hostname="DESKTOP-U97TI4R" name="week3.day1.LearnAnnotations" tests="3" failures="0" timestamp="30 Jun 2018 05:12:15 GMT" time="27.748" errors="0">
  <testcase name="frame" time="8.297" classname="week3.day1.LearnAnnotations"/>
  <testcase name="frame" time="10.776" classname="week3.day1.LearnAnnotations"/>
  <testcase name="frame" time="8.675" classname="week3.day1.LearnAnnotations"/>
</testsuite> <!-- week3.day1.LearnAnnotations -->
